{
  "RSpec": {
    "coverage": {
      "/Users/drewmacnicholas/Turing/1Module/projects/enigma/lib/enigma.rb": {
        "lines": [
          1,
          1,
          null,
          1,
          null,
          null,
          1,
          0,
          null,
          null,
          1,
          0,
          0,
          0,
          0,
          0,
          null,
          null,
          1,
          0,
          0,
          0,
          0,
          0,
          null,
          null
        ]
      },
      "/Users/drewmacnicholas/Turing/1Module/projects/enigma/lib/key.rb": {
        "lines": [
          1,
          1,
          1,
          5,
          null,
          null,
          1,
          5,
          20,
          null,
          null,
          null,
          1,
          0,
          0,
          0,
          null,
          null,
          null
        ]
      },
      "/Users/drewmacnicholas/Turing/1Module/projects/enigma/lib/offset.rb": {
        "lines": [
          1,
          1,
          1,
          null,
          1,
          5,
          null,
          null,
          1,
          0,
          null,
          null,
          1,
          5,
          5,
          20,
          null,
          null,
          null,
          null,
          null,
          null
        ]
      },
      "/Users/drewmacnicholas/Turing/1Module/projects/enigma/lib/shift.rb": {
        "lines": [
          1,
          1,
          null,
          1,
          5,
          5,
          5,
          null,
          null,
          1,
          67,
          null,
          null,
          1,
          23,
          92,
          null,
          null,
          null,
          1,
          1,
          11,
          0,
          null,
          11,
          11,
          11,
          11,
          null,
          null,
          null,
          null,
          1,
          1,
          11,
          0,
          null,
          11,
          11,
          11,
          11,
          null,
          null,
          null,
          null
        ]
      }
    },
    "timestamp": 1655133138
  }
}
