{
  "RSpec": {
    "coverage": {
      "/Users/drewmacnicholas/Turing/1Module/projects/enigma/lib/enigma.rb": {
        "lines": [
          1,
          1,
          1,
          1,
          null,
          1,
          null,
          1,
          null,
          null,
          1,
          2,
          null,
          null,
          1,
          2,
          2,
          2,
          2,
          null,
          null,
          1,
          1,
          1,
          1,
          1,
          null,
          null
        ]
      },
      "/Users/drewmacnicholas/Turing/1Module/projects/enigma/lib/key.rb": {
        "lines": [
          1,
          1,
          null,
          1,
          15,
          null,
          null,
          1,
          10,
          40,
          null,
          null,
          null,
          1,
          4,
          null,
          null
        ]
      },
      "/Users/drewmacnicholas/Turing/1Module/projects/enigma/lib/offset.rb": {
        "lines": [
          1,
          1,
          1,
          null,
          1,
          12,
          null,
          null,
          1,
          3,
          null,
          null,
          1,
          10,
          10,
          40,
          null,
          null,
          null
        ]
      },
      "/Users/drewmacnicholas/Turing/1Module/projects/enigma/lib/shift.rb": {
        "lines": [
          1,
          1,
          null,
          1,
          13,
          13,
          13,
          null,
          null,
          1,
          166,
          null,
          null,
          1,
          56,
          224,
          null,
          null,
          null,
          1,
          3,
          33,
          null,
          33,
          33,
          33,
          33,
          null,
          null,
          null,
          null,
          1,
          2,
          22,
          null,
          22,
          22,
          22,
          22,
          null,
          null,
          null,
          null
        ]
      },
      "/Users/drewmacnicholas/Turing/1Module/projects/enigma/spec/key_spec.rb": {
        "lines": [
          1,
          null,
          1,
          1,
          5,
          null,
          null,
          1,
          1,
          null,
          null,
          1,
          1,
          null,
          null,
          1,
          1,
          1,
          null,
          null,
          1,
          1,
          null,
          null,
          1,
          1,
          null,
          null
        ]
      },
      "/Users/drewmacnicholas/Turing/1Module/projects/enigma/spec/offset_spec.rb": {
        "lines": [
          1,
          null,
          1,
          1,
          4,
          null,
          null,
          1,
          1,
          null,
          null,
          1,
          1,
          1,
          null,
          null,
          1,
          1,
          1,
          null,
          null,
          1,
          1,
          1,
          null,
          null
        ]
      },
      "/Users/drewmacnicholas/Turing/1Module/projects/enigma/spec/shift_spec.rb": {
        "lines": [
          1,
          null,
          1,
          1,
          5,
          5,
          5,
          5,
          5,
          5,
          null,
          null,
          1,
          1,
          null,
          null,
          1,
          1,
          null,
          null,
          1,
          1,
          null,
          null,
          1,
          1,
          null,
          null,
          1,
          1,
          null,
          null
        ]
      }
    },
    "timestamp": 1655241723
  }
}
